2012-02-27 15:47:47,575  INFO EntityBinder.bindTable:420 - Bind entity org.cnio.appform.entity.PerfUserHistory on table perf_history
2012-02-27 15:47:47,577  INFO AnnotationBinder.bindClass:398 - Binding entity from annotated class: org.cnio.appform.entity.EnumTypesView
2012-02-27 15:47:47,577  INFO EntityBinder.bindTable:420 - Bind entity org.cnio.appform.entity.EnumTypesView on table enumtypes_view
2012-02-27 15:47:47,579  INFO AnnotationBinder.bindClass:398 - Binding entity from annotated class: org.cnio.appform.entity.SimpleTypesView
2012-02-27 15:47:47,579  INFO EntityBinder.bindTable:420 - Bind entity org.cnio.appform.entity.SimpleTypesView on table simpletypes_view
2012-02-27 15:47:47,618  INFO CollectionBinder.bindOneToManySecondPass:627 - Mapping collection: org.cnio.appform.entity.Project.interviews -> interview
2012-02-27 15:47:47,620  INFO CollectionBinder.bindOneToManySecondPass:627 - Mapping collection: org.cnio.appform.entity.Project.relPrjAppuserses -> rel_prj_appusers
2012-02-27 15:47:47,620  INFO CollectionBinder.bindOneToManySecondPass:627 - Mapping collection: org.cnio.appform.entity.Interview.answerItems -> answer_item
2012-02-27 15:47:47,620  INFO CollectionBinder.bindOneToManySecondPass:627 - Mapping collection: org.cnio.appform.entity.Interview.children -> interview
2012-02-27 15:47:47,620  INFO CollectionBinder.bindOneToManySecondPass:627 - Mapping collection: org.cnio.appform.entity.Interview.performances -> performance
2012-02-27 15:47:47,621  INFO CollectionBinder.bindOneToManySecondPass:627 - Mapping collection: org.cnio.appform.entity.Interview.relIntrvGrps -> intrv_group
2012-02-27 15:47:47,621  INFO CollectionBinder.bindOneToManySecondPass:627 - Mapping collection: org.cnio.appform.entity.Interview.sections -> section
2012-02-27 15:47:47,621  INFO CollectionBinder.bindOneToManySecondPass:627 - Mapping collection: org.cnio.appform.entity.Section.items -> item
2012-02-27 15:47:47,622  INFO CollectionBinder.bindOneToManySecondPass:627 - Mapping collection: org.cnio.appform.entity.AbstractItem.containees -> item
2012-02-27 15:47:47,622  INFO CollectionBinder.bindOneToManySecondPass:627 - Mapping collection: org.cnio.appform.entity.Question.patAnsQues -> pat_gives_answer2ques
2012-02-27 15:47:47,622  INFO CollectionBinder.bindOneToManySecondPass:627 - Mapping collection: org.cnio.appform.entity.Question.questionAnsItems -> question_ansitem
2012-02-27 15:47:47,622  INFO CollectionBinder.bindOneToManySecondPass:627 - Mapping collection: org.cnio.appform.entity.AnswerItem.answers -> answer
2012-02-27 15:47:47,623  INFO CollectionBinder.bindOneToManySecondPass:627 - Mapping collection: org.cnio.appform.entity.AnswerItem.questionsAnsItems -> question_ansitem
2012-02-27 15:47:47,623  INFO CollectionBinder.bindOneToManySecondPass:627 - Mapping collection: org.cnio.appform.entity.EnumType.items -> enumitem
2012-02-27 15:47:47,623  INFO CollectionBinder.bindOneToManySecondPass:627 - Mapping collection: org.cnio.appform.entity.Answer.patAnsQues -> pat_gives_answer2ques
2012-02-27 15:47:47,624  INFO CollectionBinder.bindOneToManySecondPass:627 - Mapping collection: org.cnio.appform.entity.Patient.patAnsQues -> pat_gives_answer2ques
2012-02-27 15:47:47,624  INFO CollectionBinder.bindOneToManySecondPass:627 - Mapping collection: org.cnio.appform.entity.Patient.performances -> performance
2012-02-27 15:47:47,624  INFO CollectionBinder.bindOneToManySecondPass:627 - Mapping collection: org.cnio.appform.entity.Role.userRoles -> user_role
2012-02-27 15:47:47,624  INFO CollectionBinder.bindOneToManySecondPass:627 - Mapping collection: org.cnio.appform.entity.AppUser.interviews -> interview
2012-02-27 15:47:47,625  INFO CollectionBinder.bindOneToManySecondPass:627 - Mapping collection: org.cnio.appform.entity.AppUser.performances -> performance
2012-02-27 15:47:47,625  INFO CollectionBinder.bindOneToManySecondPass:627 - Mapping collection: org.cnio.appform.entity.AppUser.relGrpAppusrs -> rel_grp_appusr
2012-02-27 15:47:47,625  INFO CollectionBinder.bindOneToManySecondPass:627 - Mapping collection: org.cnio.appform.entity.AppUser.relPrjAppuserses -> rel_prj_appusers
2012-02-27 15:47:47,625  INFO CollectionBinder.bindOneToManySecondPass:627 - Mapping collection: org.cnio.appform.entity.AppUser.userPerformances -> perf_history
2012-02-27 15:47:47,626  INFO CollectionBinder.bindOneToManySecondPass:627 - Mapping collection: org.cnio.appform.entity.AppUser.userRoles -> user_role
2012-02-27 15:47:47,626  INFO CollectionBinder.bindOneToManySecondPass:627 - Mapping collection: org.cnio.appform.entity.GroupType.groups -> appgroup
2012-02-27 15:47:47,626  INFO CollectionBinder.bindOneToManySecondPass:627 - Mapping collection: org.cnio.appform.entity.AppGroup.containees -> appgroup
2012-02-27 15:47:47,627  INFO CollectionBinder.bindOneToManySecondPass:627 - Mapping collection: org.cnio.appform.entity.AppGroup.performances -> performance
2012-02-27 15:47:47,627  INFO CollectionBinder.bindOneToManySecondPass:627 - Mapping collection: org.cnio.appform.entity.AppGroup.relGrpAppusrs -> rel_grp_appusr
2012-02-27 15:47:47,627  INFO CollectionBinder.bindOneToManySecondPass:627 - Mapping collection: org.cnio.appform.entity.AppGroup.relGrpIntrvs -> intrv_group
2012-02-27 15:47:47,627  INFO CollectionBinder.bindOneToManySecondPass:627 - Mapping collection: org.cnio.appform.entity.Performance.performanceUsers -> perf_history
2012-02-27 15:47:47,629  INFO AnnotationConfiguration.secondPassCompile:350 - Hibernate Validator not found: ignoring
2012-02-27 15:47:47,635  INFO C3P0ConnectionProvider.configure:81 - C3P0 using driver: org.postgresql.Driver at URL: jdbc:postgresql://padme.cnio.es:5432/appform
2012-02-27 15:47:47,635  INFO C3P0ConnectionProvider.configure:82 - Connection properties: {user=gcomesana, password=****, autocommit=false}
2012-02-27 15:47:47,635  INFO C3P0ConnectionProvider.configure:85 - autocommit mode: false
2012-02-27 15:47:47,649  INFO MLog.<clinit>:80 - MLog clients using log4j logging.
2012-02-27 15:47:47,792  INFO C3P0Registry.banner:204 - Initializing c3p0-0.9.1 [built 16-January-2007 14:46:42; debug? true; trace: 10]
2012-02-27 15:47:47,841  INFO AbstractPoolBackedDataSource.getPoolManager:462 - Initializing c3p0 pool... com.mchange.v2.c3p0.PoolBackedDataSource@48f744ba [ connectionPoolDataSource -> com.mchange.v2.c3p0.WrapperConnectionPoolDataSource@2b768e48 [ acquireIncrement -> 3, acquireRetryAttempts -> 30, acquireRetryDelay -> 1000, autoCommitOnClose -> false, automaticTestTable -> null, breakAfterAcquireFailure -> false, checkoutTimeout -> 0, connectionCustomizerClassName -> null, connectionTesterClassName -> com.mchange.v2.c3p0.impl.DefaultConnectionTester, debugUnreturnedConnectionStackTraces -> false, factoryClassLocation -> null, forceIgnoreUnresolvedTransactions -> false, identityToken -> 30ke438l1h2npxsgwkl6v|643cb075, idleConnectionTestPeriod -> 3000, initialPoolSize -> 5, maxAdministrativeTaskTime -> 0, maxConnectionAge -> 0, maxIdleTime -> 300, maxIdleTimeExcessConnections -> 0, maxPoolSize -> 20, maxStatements -> 50, maxStatementsPerConnection -> 0, minPoolSize -> 5, nestedDataSource -> com.mchange.v2.c3p0.DriverManagerDataSource@ad078b9c [ description -> null, driverClass -> null, factoryClassLocation -> null, identityToken -> 30ke438l1h2npxsgwkl6v|3c3a1834, jdbcUrl -> jdbc:postgresql://padme.cnio.es:5432/appform, properties -> {user=******, password=******, autocommit=false} ], preferredTestQuery -> null, propertyCycle -> 0, testConnectionOnCheckin -> false, testConnectionOnCheckout -> false, unreturnedConnectionTimeout -> 0, usesTraditionalReflectiveProxies -> false; userOverrides: {} ], dataSourceName -> null, factoryClassLocation -> null, identityToken -> 30ke438l1h2npxsgwkl6v|41d47b2b, numHelperThreads -> 3 ]
2012-02-27 15:47:47,947  INFO SettingsFactory.buildSettings:89 - RDBMS: PostgreSQL, version: 8.3.8
2012-02-27 15:47:47,947  INFO SettingsFactory.buildSettings:90 - JDBC driver: PostgreSQL Native Driver, version: PostgreSQL 8.1 JDBC3 with SSL (build 411)
2012-02-27 15:47:47,958  INFO Dialect.<init>:152 - Using dialect: org.hibernate.dialect.PostgreSQLDialect
2012-02-27 15:47:47,962  INFO TransactionFactoryFactory.buildTransactionFactory:31 - Using default transaction strategy (direct JDBC transactions)
2012-02-27 15:47:47,963  INFO TransactionManagerLookupFactory.getTransactionManagerLookup:33 - No TransactionManagerLookup configured (in JTA environment, use of read-write or transactional second-level cache is not recommended)
2012-02-27 15:47:47,963  INFO SettingsFactory.buildSettings:143 - Automatic flush during beforeCompletion(): disabled
2012-02-27 15:47:47,963  INFO SettingsFactory.buildSettings:147 - Automatic session close at end of transaction: disabled
2012-02-27 15:47:47,964  INFO SettingsFactory.buildSettings:154 - JDBC batch size: 15
2012-02-27 15:47:47,964  INFO SettingsFactory.buildSettings:157 - JDBC batch updates for versioned data: disabled
2012-02-27 15:47:47,964  INFO SettingsFactory.buildSettings:162 - Scrollable result sets: enabled
2012-02-27 15:47:47,964  INFO SettingsFactory.buildSettings:170 - JDBC3 getGeneratedKeys(): disabled
2012-02-27 15:47:47,965  INFO SettingsFactory.buildSettings:178 - Connection release mode: auto
2012-02-27 15:47:47,965  INFO SettingsFactory.buildSettings:202 - Maximum outer join fetch depth: 3
2012-02-27 15:47:47,965  INFO SettingsFactory.buildSettings:205 - Default batch fetch size: 1
2012-02-27 15:47:47,965  INFO SettingsFactory.buildSettings:209 - Generate SQL with comments: enabled
2012-02-27 15:47:47,966  INFO SettingsFactory.buildSettings:213 - Order SQL updates by primary key: disabled
2012-02-27 15:47:47,966  INFO SettingsFactory.buildSettings:217 - Order SQL inserts for batching: disabled
2012-02-27 15:47:47,966  INFO SettingsFactory.createQueryTranslatorFactory:386 - Query translator: org.hibernate.hql.ast.ASTQueryTranslatorFactory
2012-02-27 15:47:47,967  INFO ASTQueryTranslatorFactory.<init>:24 - Using ASTQueryTranslatorFactory
2012-02-27 15:47:47,968  INFO SettingsFactory.buildSettings:225 - Query language substitutions: {yes='Y', no='N'}
2012-02-27 15:47:47,968  INFO SettingsFactory.buildSettings:230 - JPA-QL strict compliance: disabled
2012-02-27 15:47:47,968  INFO SettingsFactory.buildSettings:235 - Second-level cache: enabled
2012-02-27 15:47:47,968  INFO SettingsFactory.buildSettings:239 - Query cache: disabled
2012-02-27 15:47:47,968  INFO SettingsFactory.createCacheProvider:373 - Cache provider: org.hibernate.cache.NoCacheProvider
2012-02-27 15:47:47,968  INFO SettingsFactory.buildSettings:254 - Optimize cache for minimal puts: disabled
2012-02-27 15:47:47,969  INFO SettingsFactory.buildSettings:263 - Structured second-level cache entries: disabled
2012-02-27 15:47:47,972  INFO SettingsFactory.buildSettings:290 - Statistics: disabled
2012-02-27 15:47:47,972  INFO SettingsFactory.buildSettings:294 - Deleted entity synthetic identifier rollback: disabled
2012-02-27 15:47:47,972  INFO SettingsFactory.buildSettings:309 - Default entity-mode: pojo
2012-02-27 15:47:47,973  INFO SettingsFactory.buildSettings:313 - Named query checking : enabled
2012-02-27 15:47:47,989  INFO SessionFactoryImpl.<init>:161 - building session factory
2012-02-27 15:47:48,321  INFO SessionFactoryObjectFactory.addInstance:82 - Not binding factory to JNDI, no JNDI name configured
2012-02-27 15:47:48,323  INFO SchemaUpdate.execute:115 - Running hbm2ddl schema update
2012-02-27 15:47:48,324  INFO SchemaUpdate.execute:126 - fetching database metadata
2012-02-27 15:47:48,333  INFO SchemaUpdate.execute:138 - updating schema
2012-02-27 15:47:48,334  INFO AnnotationConfiguration.secondPassCompile:350 - Hibernate Validator not found: ignoring
2012-02-27 15:47:48,386  INFO TableMetadata.<init>:39 - table found: public.enumtype
2012-02-27 15:47:48,386  INFO TableMetadata.<init>:40 - columns: [idenumtype, numitems]
2012-02-27 15:47:48,386  INFO TableMetadata.<init>:42 - foreign keys: [fk84a1bbbbda39f0f6, fk_enumtype_isoneof2_answer_i, fk886d93fbda39f0f6]
2012-02-27 15:47:48,386  INFO TableMetadata.<init>:43 - indexes: [pk_enumtype]
2012-02-27 15:47:48,427  INFO TableMetadata.<init>:39 - table found: public.patient
2012-02-27 15:47:48,427  INFO TableMetadata.<init>:40 - columns: [phone, u_date, codpat, address, name, codhosp, codprj, c_date, codpatient, cod_type_subject, numhc, idpat]
2012-02-27 15:47:48,427  INFO TableMetadata.<init>:42 - foreign keys: []
2012-02-27 15:47:48,427  INFO TableMetadata.<init>:43 - indexes: [patient_codpatient_key, pk_patient]
2012-02-27 15:47:48,466  INFO TableMetadata.<init>:39 - table found: public.role
2012-02-27 15:47:48,467  INFO TableMetadata.<init>:40 - columns: [u_date, description, idrole, name, c_date]
2012-02-27 15:47:48,467  INFO TableMetadata.<init>:42 - foreign keys: []
2012-02-27 15:47:48,467  INFO TableMetadata.<init>:43 - indexes: [pk_role]
2012-02-27 15:47:48,503  INFO TableMetadata.<init>:39 - table found: public.text
2012-02-27 15:47:48,503  INFO TableMetadata.<init>:40 - columns: [idtext, highlighted]
2012-02-27 15:47:48,503  INFO TableMetadata.<init>:42 - foreign keys: [fk27b94df0028e8c, fk_text_itemisa_item]
2012-02-27 15:47:48,503  INFO TableMetadata.<init>:43 - indexes: [pk_text]
2012-02-27 15:47:48,540  INFO TableMetadata.<init>:39 - table found: public.answer
2012-02-27 15:47:48,541  INFO TableMetadata.<init>:40 - columns: [thevalue, codansitem, lastupdated, datecreated, idanswer, answer_order]
2012-02-27 15:47:48,541  INFO TableMetadata.<init>:42 - foreign keys: [fkabca3fbe5c3d6ca1, fk_answer_rel_answ__answer_i]
2012-02-27 15:47:48,541  INFO TableMetadata.<init>:43 - indexes: [pk_answer]
2012-02-27 15:47:48,579  INFO TableMetadata.<init>:39 - table found: public.answer_item
2012-02-27 15:47:48,579  INFO TableMetadata.<init>:40 - columns: [idansitem, for_clone, description, name, codintrv, answer_order]
2012-02-27 15:47:48,579  INFO TableMetadata.<init>:42 - foreign keys: [fk_ansitem_intrv, fked6a1af434d3ec6d]
2012-02-27 15:47:48,580  INFO TableMetadata.<init>:43 - indexes: [pk_answer_item]
2012-02-27 15:47:48,616  INFO TableMetadata.<init>:39 - table found: public.answertype
2012-02-27 15:47:48,616  INFO TableMetadata.<init>:40 - columns: [idanstype, pattern]
2012-02-27 15:47:48,616  INFO TableMetadata.<init>:42 - foreign keys: [fkb00210386a4127c5, fk_answerty_isoneof_answer_i, fk393ebff86a4127c5]
2012-02-27 15:47:48,616  INFO TableMetadata.<init>:43 - indexes: [pk_answertype]
2012-02-27 15:47:48,654  INFO TableMetadata.<init>:39 - table found: public.appgroup
2012-02-27 15:47:48,655  INFO TableMetadata.<init>:40 - columns: [tmpl_holder, idgroup, name, parent, codgroup_type, codgroup]
2012-02-27 15:47:48,655  INFO TableMetadata.<init>:42 - foreign keys: [fk_parent_group, fk_grouptype, fk460ba8fefa6441bc, fk460ba8fee20f1477]
2012-02-27 15:47:48,655  INFO TableMetadata.<init>:43 - indexes: [pk_appgroup]
2012-02-27 15:47:48,690  INFO TableMetadata.<init>:39 - table found: public.applog
2012-02-27 15:47:48,690  INFO TableMetadata.<init>:40 - columns: [intrvid, patientid, logmsg, thetime, userid, lastip, sessionid, logid]
2012-02-27 15:47:48,690  INFO TableMetadata.<init>:42 - foreign keys: []
2012-02-27 15:47:48,691  INFO TableMetadata.<init>:43 - indexes: [applog_pkey]
2012-02-27 15:47:48,729  INFO TableMetadata.<init>:39 - table found: public.appuser
2012-02-27 15:47:48,729  INFO TableMetadata.<init>:40 - columns: [iduser, passwd, loggedfrom, u_date, codhosp, lastname, firstname, c_date, country, username, email, loggedin, last_passwd_change, login_attempts, removed]
2012-02-27 15:47:48,730  INFO TableMetadata.<init>:42 - foreign keys: [fk_hospital_user]
2012-02-27 15:47:48,730  INFO TableMetadata.<init>:43 - indexes: [appuser_username_key, pk_appuser]
2012-02-27 15:47:48,769  INFO TableMetadata.<init>:39 - table found: public.enumitem
2012-02-27 15:47:48,770  INFO TableMetadata.<init>:40 - columns: [thevalue, codenumtype, listorder, description, name, idenumitem]
2012-02-27 15:47:48,770  INFO TableMetadata.<init>:42 - foreign keys: [fk_enumitem_contains_enumtype, fk849ca7944d54c7fd]
2012-02-27 15:47:48,770  INFO TableMetadata.<init>:43 - indexes: [pk_enumitem]
2012-02-27 15:47:48,804  INFO TableMetadata.<init>:39 - table found: public.enumtypes_view
2012-02-27 15:47:48,805  INFO TableMetadata.<init>:40 - columns: [idansit, theorder, typename, idenitem, ansitname, typevalue, codintrv]
2012-02-27 15:47:48,805  INFO TableMetadata.<init>:42 - foreign keys: []
2012-02-27 15:47:48,805  INFO TableMetadata.<init>:43 - indexes: []
2012-02-27 15:47:48,839  INFO TableMetadata.<init>:39 - table found: public.grouptype
2012-02-27 15:47:48,839  INFO TableMetadata.<init>:40 - columns: [description, name, idgrouptype]
2012-02-27 15:47:48,839  INFO TableMetadata.<init>:42 - foreign keys: []
2012-02-27 15:47:48,839  INFO TableMetadata.<init>:43 - indexes: [pk_grouptype]
2012-02-27 15:47:48,891  INFO TableMetadata.<init>:39 - table found: public.interview
2012-02-27 15:47:48,891  INFO TableMetadata.<init>:40 - columns: [can_shorten, source, u_date, description, can_create_subject, name, idinterview, codusr, codprj, c_date, is_sample_intrv]
2012-02-27 15:47:48,891  INFO TableMetadata.<init>:42 - foreign keys: [fk_interview_is_formed_project, fk1dfcd181bc927c7a, fk1dfcd18132dc448d, fk_interview_belongs_user, fk_cloned_from, fk1dfcd1819fb025d9]
2012-02-27 15:47:48,891  INFO TableMetadata.<init>:43 - indexes: [pk_interview]
2012-02-27 15:47:48,930  INFO TableMetadata.<init>:39 - table found: public.intrv_group
2012-02-27 15:47:48,931  INFO TableMetadata.<init>:40 - columns: [idintrv_group, codgroup, codintrv]
2012-02-27 15:47:48,934  INFO TableMetadata.<init>:42 - foreign keys: [fk84c0ddb3e9d1abd4, fk_intrvgroup_intrv, fk84c0ddb334d3ec6d, fk_intrvgroup_group]
2012-02-27 15:47:48,934  INFO TableMetadata.<init>:43 - indexes: [pk_intrv_group]
2012-02-27 15:47:48,976  INFO TableMetadata.<init>:39 - table found: public.item
2012-02-27 15:47:48,977  INFO TableMetadata.<init>:40 - columns: [content, item_order, ite_iditem, idsection, u_date, repeatable, highlight, c_date, iditem]
2012-02-27 15:47:48,977  INFO TableMetadata.<init>:42 - foreign keys: [fk_item_is_formed_section, fk317b136ead1f80, fk_item_contains_item, fk317b13ee6627b7]
2012-02-27 15:47:48,977  INFO TableMetadata.<init>:43 - indexes: [pk_item]
2012-02-27 15:47:49,022  INFO TableMetadata.<init>:39 - table found: public.perf_history
2012-02-27 15:47:49,023  INFO TableMetadata.<init>:40 - columns: [codperf, thetimestamp, idhistory, coduser, justification, iduser_role]
2012-02-27 15:47:49,023  INFO TableMetadata.<init>:42 - foreign keys: [user_history_fk, fkbbbb053ed2a39b42, perf_history_fk, fkbbbb053e289fe600]
2012-02-27 15:47:49,023  INFO TableMetadata.<init>:43 - indexes: [perf_history_pkey]
2012-02-27 15:47:49,076  INFO TableMetadata.<init>:39 - table found: public.performance
2012-02-27 15:47:49,076  INFO TableMetadata.<init>:40 - columns: [date_end, codinterview, num_order, codpat, date_ini, coduser, place, last_sec, codgroup, idperformance]
2012-02-27 15:47:49,077  INFO TableMetadata.<init>:42 - foreign keys: [fk_performa_rel_intrv_intervie, fka7c310309fd61a61, fka7c31030e9d1abd4, fk_performa_rel_appus_appuser, fka7c31030289fe600, fk_performa_rel_pat_p_patient, fka7c310307bd5537b, fk_performa_rel_group]
2012-02-27 15:47:49,077  INFO TableMetadata.<init>:43 - indexes: [pk_performance, perf_unique_intrv-pat-grp]
2012-02-27 15:47:49,111  INFO TableMetadata.<init>:39 - table found: public.project
2012-02-27 15:47:49,112  INFO TableMetadata.<init>:40 - columns: [u_date, description, name, project_code, c_date, idprj]
2012-02-27 15:47:49,112  INFO TableMetadata.<init>:42 - foreign keys: []
2012-02-27 15:47:49,112  INFO TableMetadata.<init>:43 - indexes: [pk_project]
2012-02-27 15:47:49,156  INFO TableMetadata.<init>:39 - table found: public.pat_gives_answer2ques
2012-02-27 15:47:49,157  INFO TableMetadata.<init>:40 - columns: [codquestion, codanswer, codpat, idp_a_q, answer_number, answer_grp, answer_order]
2012-02-27 15:47:49,157  INFO TableMetadata.<init>:42 - foreign keys: [fk_pat_give_rel_ans_p_answer, fkd6209a2dcefe49a3, fkd6209a2d9fd61a61, fk_pat_give_rel_pat_a_patient, fkd6209a2db9245433, fk_pat_give_rel_ques__question]
2012-02-27 15:47:49,157  INFO TableMetadata.<init>:43 - indexes: [pk_pat_gives_answer2ques]
2012-02-27 15:47:49,193  INFO TableMetadata.<init>:39 - table found: public.question
2012-02-27 15:47:49,193  INFO TableMetadata.<init>:40 - columns: [codquestion, mandatory, repeatable, idquestion]
2012-02-27 15:47:49,194  INFO TableMetadata.<init>:42 - foreign keys: [fk_question_itemisa2_item, fkba823be6e7b3fc5]
2012-02-27 15:47:49,194  INFO TableMetadata.<init>:43 - indexes: [pk_question]
2012-02-27 15:47:49,232  INFO TableMetadata.<init>:39 - table found: public.question_ansitem
2012-02-27 15:47:49,232  INFO TableMetadata.<init>:40 - columns: [id, codquestion, pattern, codansitem, answer_order]
2012-02-27 15:47:49,232  INFO TableMetadata.<init>:42 - foreign keys: [fk_answer_item, fk6d9a2ea05c3d6ca1, fk_question, fk6d9a2ea0b9245433]
2012-02-27 15:47:49,232  INFO TableMetadata.<init>:43 - indexes: [pk_question_ansitem]
2012-02-27 15:47:49,272  INFO TableMetadata.<init>:39 - table found: public.rel_grp_appusr
2012-02-27 15:47:49,272  INFO TableMetadata.<init>:40 - columns: [idgrp_usr, coduser, active, codgroup]
2012-02-27 15:47:49,272  INFO TableMetadata.<init>:42 - foreign keys: [fk_rel_grp__rel_grp_a_appgroup, fk_rel_grp__rel_grp_a_appuser, fk3e240fd3e9d1abd4, fk3e240fd3289fe600]
2012-02-27 15:47:49,273  INFO TableMetadata.<init>:43 - indexes: [pk_rel_grp_appusr]
2012-02-27 15:47:49,312  INFO TableMetadata.<init>:39 - table found: public.rel_prj_appusers
2012-02-27 15:47:49,312  INFO TableMetadata.<init>:40 - columns: [coduser, idprj_usrs, codprj]
2012-02-27 15:47:49,312  INFO TableMetadata.<init>:42 - foreign keys: [fkd0e56e24bc927c7a, fkd0e56e24289fe600, fk_rel_prj__rel_prj_a_project, fk_rel_prj__rel_prj_a_appuser]
2012-02-27 15:47:49,312  INFO TableMetadata.<init>:43 - indexes: [pk_rel_prj_appusers]
2012-02-27 15:47:49,350  INFO TableMetadata.<init>:39 - table found: public.section
2012-02-27 15:47:49,351  INFO TableMetadata.<init>:40 - columns: [codinterview, idsection, u_date, description, name, c_date, section_order]
2012-02-27 15:47:49,351  INFO TableMetadata.<init>:42 - foreign keys: [fk756f7ee57bd5537b, fk_section_is_formed_interview]
2012-02-27 15:47:49,351  INFO TableMetadata.<init>:43 - indexes: [pk_section]
2012-02-27 15:47:49,385  INFO TableMetadata.<init>:39 - table found: public.simpletypes_view
2012-02-27 15:47:49,385  INFO TableMetadata.<init>:40 - columns: [idansitem, name, codintrv]
2012-02-27 15:47:49,385  INFO TableMetadata.<init>:42 - foreign keys: []
2012-02-27 15:47:49,385  INFO TableMetadata.<init>:43 - indexes: []
2012-02-27 15:47:49,426  INFO TableMetadata.<init>:39 - table found: public.user_role
2012-02-27 15:47:49,426  INFO TableMetadata.<init>:40 - columns: [username, codrole, rolename, coduser, iduser_role]
2012-02-27 15:47:49,426  INFO TableMetadata.<init>:42 - foreign keys: [fk143bf46a289fe600, fk_userrole_user, fk143bf46a1c3f28d3, fk_userrole_role]
2012-02-27 15:47:49,426  INFO TableMetadata.<init>:43 - indexes: [pk_user_role]
2012-02-27 15:47:49,435 ERROR SchemaUpdate.execute:155 - Unsuccessful: alter table enumtypes_view add constraint FK6306066C34D3EC6D foreign key (codintrv) references interview
2012-02-27 15:47:49,436 ERROR SchemaUpdate.execute:156 - ERROR: «enumtypes_view» no es una tabla
2012-02-27 15:47:49,438 ERROR SchemaUpdate.execute:155 - Unsuccessful: alter table simpletypes_view add constraint FK921B39DD34D3EC6D foreign key (codintrv) references interview
2012-02-27 15:47:49,439 ERROR SchemaUpdate.execute:156 - ERROR: «simpletypes_view» no es una tabla
2012-02-27 15:47:49,439  INFO SchemaUpdate.execute:160 - schema update complete
